<?xml version="1.0" encoding="UTF-8"?>
<testsuite name="agh.ii.prinjava.proj1.impl.DLinkListTest" tests="8" skipped="0" failures="0" errors="0" timestamp="2021-10-21T16:46:52" hostname="T460" time="0.065">
  <properties/>
  <testcase name="removeFirstTest()" classname="agh.ii.prinjava.proj1.impl.DLinkListTest" time="0.048"/>
  <testcase name="getLastElemTest()" classname="agh.ii.prinjava.proj1.impl.DLinkListTest" time="0.002"/>
  <testcase name="addFirstTest()" classname="agh.ii.prinjava.proj1.impl.DLinkListTest" time="0.001"/>
  <testcase name="toStringTest()" classname="agh.ii.prinjava.proj1.impl.DLinkListTest" time="0.001"/>
  <testcase name="getFirstElemTest()" classname="agh.ii.prinjava.proj1.impl.DLinkListTest" time="0.002"/>
  <testcase name="removeLastTest()" classname="agh.ii.prinjava.proj1.impl.DLinkListTest" time="0.001"/>
  <testcase name="getNumberOfElementsTest()" classname="agh.ii.prinjava.proj1.impl.DLinkListTest" time="0.002"/>
  <testcase name="addLastTest()" classname="agh.ii.prinjava.proj1.impl.DLinkListTest" time="0.002"/>
  <system-out><![CDATA[]]></system-out>
  <system-err><![CDATA[]]></system-err>
</testsuite>
