<?xml version="1.0" encoding="UTF-8"?>
<testsuite name="agh.ii.prinjava.proj1.impl.MyQueueDLLBImplTest" tests="5" skipped="0" failures="0" errors="0" timestamp="2021-10-21T16:46:52" hostname="T460" time="0.01">
  <properties/>
  <testcase name="peekTest()" classname="agh.ii.prinjava.proj1.impl.MyQueueDLLBImplTest" time="0.001"/>
  <testcase name="numOfElemsTest()" classname="agh.ii.prinjava.proj1.impl.MyQueueDLLBImplTest" time="0.001"/>
  <testcase name="dequeueTest()" classname="agh.ii.prinjava.proj1.impl.MyQueueDLLBImplTest" time="0.002"/>
  <testcase name="toStringTest()" classname="agh.ii.prinjava.proj1.impl.MyQueueDLLBImplTest" time="0.001"/>
  <testcase name="enqueueTest()" classname="agh.ii.prinjava.proj1.impl.MyQueueDLLBImplTest" time="0.001"/>
  <system-out><![CDATA[]]></system-out>
  <system-err><![CDATA[]]></system-err>
</testsuite>
